Î“Ă»â–“ Next.js 16.1.6 (Turbopack)
- Environments: .env

  Creating an optimized production build ...
Î“ÂŁĂ´ Compiled successfully in 3.3s
  Running TypeScript ...
  Collecting page data using 11 workers ...
  Generating static pages using 11 workers (0/30) ...
  Generating static pages using 11 workers (7/30) 
  Generating static pages using 11 workers (14/30) 
  Generating static pages using 11 workers (22/30) 
The width(-1) and height(-1) of chart should be greater than 0,
       please check the style of container, or the props width(100%) and height(100%),
       or add a minWidth(0) or minHeight(undefined) or use aspect(undefined) to control the
       height and width.
The width(-1) and height(-1) of chart should be greater than 0,
       please check the style of container, or the props width(100%) and height(100%),
       or add a minWidth(0) or minHeight(undefined) or use aspect(undefined) to control the
       height and width.
Î“ÂŁĂ´ Generating static pages using 11 workers (30/30) in 521.5ms
  Finalizing page optimization ...

Route (app)
Î“Ă¶Ă® Î“ĂąĂŻ /
Î“Ă¶ÂŁ Î“ĂąĂŻ /_not-found
Î“Ă¶ÂŁ â•žĂ† /api/dashboard/kpi
Î“Ă¶ÂŁ â•žĂ† /api/dashboard/order-summary
Î“Ă¶ÂŁ â•žĂ† /api/dashboard/profit
Î“Ă¶ÂŁ â•žĂ† /api/dashboard/recent-activity
Î“Ă¶ÂŁ â•žĂ† /api/dashboard/traffic-source
Î“Ă¶ÂŁ â•žĂ† /api/export-db
Î“Ă¶ÂŁ â•žĂ† /api/inventory/manage
Î“Ă¶ÂŁ â•žĂ† /api/inventory/restock-prediction
Î“Ă¶ÂŁ â•žĂ† /api/inventory/smart-stock
Î“Ă¶ÂŁ â•žĂ† /api/inventory/status
Î“Ă¶ÂŁ â•žĂ† /api/po-logs
Î“Ă¶ÂŁ â•žĂ† /api/sales/auto-email
Î“Ă¶ÂŁ â•žĂ† /api/sales/upload
Î“Ă¶ÂŁ â•žĂ† /api/settings
Î“Ă¶ÂŁ â•žĂ† /api/sync/trigger
Î“Ă¶ÂŁ Î“ĂąĂŻ /billing
Î“Ă¶ÂŁ Î“ĂąĂŻ /category
Î“Ă¶ÂŁ Î“ĂąĂŻ /delivery
Î“Ă¶ÂŁ Î“ĂąĂŻ /help
Î“Ă¶ÂŁ Î“ĂąĂŻ /master-data
Î“Ă¶ÂŁ Î“ĂąĂŻ /orders
Î“Ă¶ÂŁ Î“ĂąĂŻ /po-logs
Î“Ă¶ÂŁ Î“ĂąĂŻ /products
Î“Ă¶ÂŁ Î“ĂąĂŻ /report
Î“Ă¶ÂŁ Î“ĂąĂŻ /settings
Î“Ă¶ÂŁ Î“ĂąĂŻ /stores
Î“Ă¶Ă¶ Î“ĂąĂŻ /suppliers


Î“ĂąĂŻ  (Static)   prerendered as static content
â•žĂ†  (Dynamic)  server-rendered on demand

